# JRE version: OpenJDK Runtime Environment (8.0_91-b14) (build 1.8.0_91-b14)
# Java VM: OpenJDK 64-Bit Server VM (25.91-b14 mixed mode linux-amd64 compressed oops)
Heap:
 PSYoungGen      total 300544K, used 40211K [0x0000000670d80000, 0x0000000689a00000, 0x00000007c0000000)
  eden space 258048K, 15% used [0x0000000670d80000,0x00000006734c4c00,0x0000000680980000)
  from space 42496K, 0% used [0x0000000683300000,0x0000000683300000,0x0000000685c80000)
  to   space 42496K, 0% used [0x0000000680980000,0x0000000680980000,0x0000000683300000)
 ParOldGen       total 754176K, used 24106K [0x00000003d2800000, 0x0000000400880000, 0x0000000670d80000)
  object space 754176K, 3% used [0x00000003d2800000,0x00000003d3f8a970,0x0000000400880000)
 Metaspace       used 36247K, capacity 36925K, committed 37376K, reserved 1081344K
  class space    used 4262K, capacity 4541K, committed 4608K, reserved 1048576K
GC Heap History (8 events):
Event: 1.086 GC heap before
{Heap before GC invocations=1 (full 0):
 PSYoungGen      total 300544K, used 129042K [0x0000000670d80000, 0x0000000685c80000, 0x00000007c0000000)
  eden space 258048K, 50% used [0x0000000670d80000,0x0000000678b84b98,0x0000000680980000)
  from space 42496K, 0% used [0x0000000683300000,0x0000000683300000,0x0000000685c80000)
  to   space 42496K, 0% used [0x0000000680980000,0x0000000680980000,0x0000000683300000)
 ParOldGen       total 687104K, used 0K [0x00000003d2800000, 0x00000003fc700000, 0x0000000670d80000)
  object space 687104K, 0% used [0x00000003d2800000,0x00000003d2800000,0x00000003fc700000)
 Metaspace       used 20438K, capacity 21077K, committed 21296K, reserved 1069056K
  class space    used 2437K, capacity 2688K, committed 2688K, reserved 1048576K
Event: 1.096 GC heap after
Heap after GC invocations=1 (full 0):
 PSYoungGen      total 300544K, used 16550K [0x0000000670d80000, 0x0000000685c80000, 0x00000007c0000000)
  eden space 258048K, 0% used [0x0000000670d80000,0x0000000670d80000,0x0000000680980000)
  from space 42496K, 38% used [0x0000000680980000,0x00000006819a9ba0,0x0000000683300000)
  to   space 42496K, 0% used [0x0000000683300000,0x0000000683300000,0x0000000685c80000)
 ParOldGen       total 687104K, used 24K [0x00000003d2800000, 0x00000003fc700000, 0x0000000670d80000)
  object space 687104K, 0% used [0x00000003d2800000,0x00000003d2806000,0x00000003fc700000)
 Metaspace       used 20438K, capacity 21077K, committed 21296K, reserved 1069056K
  class space    used 2437K, capacity 2688K, committed 2688K, reserved 1048576K
}
Event: 1.096 GC heap before
{Heap before GC invocations=2 (full 1):
 PSYoungGen      total 300544K, used 16550K [0x0000000670d80000, 0x0000000685c80000, 0x00000007c0000000)
  eden space 258048K, 0% used [0x0000000670d80000,0x0000000670d80000,0x0000000680980000)
  from space 42496K, 38% used [0x0000000680980000,0x00000006819a9ba0,0x0000000683300000)
  to   space 42496K, 0% used [0x0000000683300000,0x0000000683300000,0x0000000685c80000)
 ParOldGen       total 687104K, used 24K [0x00000003d2800000, 0x00000003fc700000, 0x0000000670d80000)
  object space 687104K, 0% used [0x00000003d2800000,0x00000003d2806000,0x00000003fc700000)
 Metaspace       used 20438K, capacity 21077K, committed 21296K, reserved 1069056K
  class space    used 2437K, capacity 2688K, committed 2688K, reserved 1048576K
Event: 1.117 GC heap after
Heap after GC invocations=2 (full 1):
 PSYoungGen      total 300544K, used 0K [0x0000000670d80000, 0x0000000685c80000, 0x00000007c0000000)
  eden space 258048K, 0% used [0x0000000670d80000,0x0000000670d80000,0x0000000680980000)
  from space 42496K, 0% used [0x0000000680980000,0x0000000680980000,0x0000000683300000)
  to   space 42496K, 0% used [0x0000000683300000,0x0000000683300000,0x0000000685c80000)
 ParOldGen       total 450560K, used 15625K [0x00000003d2800000, 0x00000003ee000000, 0x0000000670d80000)
  object space 450560K, 3% used [0x00000003d2800000,0x00000003d3742468,0x00000003ee000000)
 Metaspace       used 20438K, capacity 21077K, committed 21296K, reserved 1069056K
  class space    used 2437K, capacity 2688K, committed 2688K, reserved 1048576K
}
Event: 11.245 GC heap before
{Heap before GC invocations=3 (full 1):
 PSYoungGen      total 300544K, used 194734K [0x0000000670d80000, 0x0000000685c80000, 0x00000007c0000000)
  eden space 258048K, 75% used [0x0000000670d80000,0x000000067cbab970,0x0000000680980000)
  from space 42496K, 0% used [0x0000000680980000,0x0000000680980000,0x0000000683300000)
  to   space 42496K, 0% used [0x0000000683300000,0x0000000683300000,0x0000000685c80000)
 ParOldGen       total 450560K, used 15625K [0x00000003d2800000, 0x00000003ee000000, 0x0000000670d80000)
  object space 450560K, 3% used [0x00000003d2800000,0x00000003d3742468,0x00000003ee000000)
 Metaspace       used 34420K, capacity 35067K, committed 35456K, reserved 1081344K
  class space    used 4119K, capacity 4372K, committed 4480K, reserved 1048576K
Event: 11.280 GC heap after
Heap after GC invocations=3 (full 1):
 PSYoungGen      total 300544K, used 20689K [0x0000000670d80000, 0x0000000689a00000, 0x00000007c0000000)
  eden space 258048K, 0% used [0x0000000670d80000,0x0000000670d80000,0x0000000680980000)
  from space 42496K, 48% used [0x0000000683300000,0x0000000684734720,0x0000000685c80000)
  to   space 42496K, 0% used [0x0000000680980000,0x0000000680980000,0x0000000683300000)
 ParOldGen       total 450560K, used 15633K [0x00000003d2800000, 0x00000003ee000000, 0x0000000670d80000)
  object space 450560K, 3% used [0x00000003d2800000,0x00000003d3744468,0x00000003ee000000)
 Metaspace       used 34420K, capacity 35067K, committed 35456K, reserved 1081344K
  class space    used 4119K, capacity 4372K, committed 4480K, reserved 1048576K
}
Event: 11.280 GC heap before
{Heap before GC invocations=4 (full 2):
 PSYoungGen      total 300544K, used 20689K [0x0000000670d80000, 0x0000000689a00000, 0x00000007c0000000)
  eden space 258048K, 0% used [0x0000000670d80000,0x0000000670d80000,0x0000000680980000)
  from space 42496K, 48% used [0x0000000683300000,0x0000000684734720,0x0000000685c80000)
  to   space 42496K, 0% used [0x0000000680980000,0x0000000680980000,0x0000000683300000)
 ParOldGen       total 450560K, used 15633K [0x00000003d2800000, 0x00000003ee000000, 0x0000000670d80000)
  object space 450560K, 3% used [0x00000003d2800000,0x00000003d3744468,0x00000003ee000000)
 Metaspace       used 34420K, capacity 35067K, committed 35456K, reserved 1081344K
  class space    used 4119K, capacity 4372K, committed 4480K, reserved 1048576K
Event: 11.349 GC heap after
Heap after GC invocations=4 (full 2):
 PSYoungGen      total 300544K, used 0K [0x0000000670d80000, 0x0000000689a00000, 0x00000007c0000000)
  eden space 258048K, 0% used [0x0000000670d80000,0x0000000670d80000,0x0000000680980000)
  from space 42496K, 0% used [0x0000000683300000,0x0000000683300000,0x0000000685c80000)
  to   space 42496K, 0% used [0x0000000680980000,0x0000000680980000,0x0000000683300000)
 ParOldGen       total 754176K, used 24106K [0x00000003d2800000, 0x0000000400880000, 0x0000000670d80000)
  object space 754176K, 3% used [0x00000003d2800000,0x00000003d3f8a970,0x0000000400880000)
 Metaspace       used 34420K, capacity 35067K, committed 35456K, reserved 1081344K
  class space    used 4119K, capacity 4372K, committed 4480K, reserved 1048576K
}

